<?xml version="1.0" encoding="UTF-8"?>
<testng-results skipped="0" failed="0" ignored="0" total="1" passed="1">
  <reporter-output>
  </reporter-output>
  <suite name="com.testing.DriverScriptTest" duration-ms="25846" started-at="2018-10-23T03:48:00Z" finished-at="2018-10-23T03:48:26Z">
    <groups>
    </groups>
    <test name="Command line test" duration-ms="25846" started-at="2018-10-23T03:48:00Z" finished-at="2018-10-23T03:48:26Z">
      <class name="com.testing.DriverScriptTest">
        <test-method status="PASS" signature="mainMethod()[pri:0, instance:com.testing.DriverScriptTest@2c9f9fb0]" name="mainMethod" duration-ms="25814" started-at="2018-10-23T03:48:00Z" finished-at="2018-10-23T03:48:26Z">
          <reporter-output>
          </reporter-output>
        </test-method> <!-- mainMethod -->
      </class> <!-- com.testing.DriverScriptTest -->
    </test> <!-- Command line test -->
  </suite> <!-- com.testing.DriverScriptTest -->
</testng-results>
